2024-01-16 13:15:56 修改./bigData/云计算概论Pig笔记.md文件，加入目录

DocToccing single file "./bigData/云计算概论Pig笔记.md" for github.com.

==================

"./bigData/云计算概论Pig笔记.md" will be updated

Everything is OK.
2024-01-16 13:15:57 修改./bigData/大数据技术Hive笔记.md文件，加入目录

DocToccing single file "./bigData/大数据技术Hive笔记.md" for github.com.

==================

"./bigData/大数据技术Hive笔记.md" will be updated

Everything is OK.
2024-01-16 13:15:58 修改./bigData/大数据技术Spark笔记.md文件，加入目录

DocToccing single file "./bigData/大数据技术Spark笔记.md" for github.com.

==================

"./bigData/大数据技术Spark笔记.md" will be updated

Everything is OK.
2024-01-16 13:15:58 修改./bigData/大数据技术笔记MapReduce笔记.md文件，加入目录

DocToccing single file "./bigData/大数据技术笔记MapReduce笔记.md" for github.com.

==================

"./bigData/大数据技术笔记MapReduce笔记.md" will be updated

Everything is OK.
2024-01-16 13:15:59 修改./gitNote/git笔记.md文件，加入目录

DocToccing single file "./gitNote/git笔记.md" for github.com.

==================

"./gitNote/git笔记.md" will be updated

Everything is OK.
2024-01-16 13:16:00 修改./gitNote/src/存放图像.md文件，加入目录

DocToccing single file "./gitNote/src/存放图像.md" for github.com.

==================

"./gitNote/src/存放图像.md" is up to date

Everything is OK.
2024-01-16 13:16:01 修改./linuxSoftwareAndCommand/apt报错以及解决.md文件，加入目录

DocToccing single file "./linuxSoftwareAndCommand/apt报错以及解决.md" for github.com.

==================

"./linuxSoftwareAndCommand/apt报错以及解决.md" will be updated

Everything is OK.
2024-01-16 13:16:01 修改./linuxSoftwareAndCommand/server文件，加入目录
2024-01-16 13:16:02 修改certificate文件，加入目录
2024-01-16 13:16:03 修改verification文件，加入目录
2024-01-16 13:16:03 修改failed解决.md文件，加入目录
2024-01-16 13:16:04 修改./linuxSoftwareAndCommand/vim相关命令.md文件，加入目录

DocToccing single file "./linuxSoftwareAndCommand/vim相关命令.md" for github.com.

==================

"./linuxSoftwareAndCommand/vim相关命令.md" will be updated

Everything is OK.
2024-01-16 13:16:04 修改./linuxSoftwareAndCommand/查看Linux版本.md文件，加入目录

DocToccing single file "./linuxSoftwareAndCommand/查看Linux版本.md" for github.com.

==================

"./linuxSoftwareAndCommand/查看Linux版本.md" will be updated

Everything is OK.
2024-01-16 13:16:05 修改./mathematicalModeling/frequencyDirectDistributionPlot/频率直方分布图笔记.md文件，加入目录

DocToccing single file "./mathematicalModeling/frequencyDirectDistributionPlot/频率直方分布图笔记.md" for github.com.

==================

"./mathematicalModeling/frequencyDirectDistributionPlot/频率直方分布图笔记.md" is up to date

Everything is OK.
2024-01-16 13:16:06 修改./mathematicalModeling/分类准确度.md文件，加入目录

DocToccing single file "./mathematicalModeling/分类准确度.md" for github.com.

==================

"./mathematicalModeling/分类准确度.md" will be updated

Everything is OK.
2024-01-16 13:16:06 修改./naturalLanguageProcess/BERT分词介绍.md文件，加入目录

DocToccing single file "./naturalLanguageProcess/BERT分词介绍.md" for github.com.

==================

"./naturalLanguageProcess/BERT分词介绍.md" will be updated

Everything is OK.
2024-01-16 13:16:07 修改./naturalLanguageProcess/CKY-PCFG.md文件，加入目录

DocToccing single file "./naturalLanguageProcess/CKY-PCFG.md" for github.com.

==================

"./naturalLanguageProcess/CKY-PCFG.md" will be updated

Everything is OK.
2024-01-16 13:16:08 修改./naturalLanguageProcess/FairSwq介绍.md文件，加入目录

DocToccing single file "./naturalLanguageProcess/FairSwq介绍.md" for github.com.

==================

"./naturalLanguageProcess/FairSwq介绍.md" will be updated

Everything is OK.
2024-01-16 13:16:08 修改./naturalLanguageProcess/jieba分词.md文件，加入目录

DocToccing single file "./naturalLanguageProcess/jieba分词.md" for github.com.

==================

"./naturalLanguageProcess/jieba分词.md" will be updated

Everything is OK.
2024-01-16 13:16:09 修改./naturalLanguageProcess/PEGASUS模型介绍.md文件，加入目录

DocToccing single file "./naturalLanguageProcess/PEGASUS模型介绍.md" for github.com.

==================

"./naturalLanguageProcess/PEGASUS模型介绍.md" will be updated

Everything is OK.
2024-01-16 13:16:10 修改./packageManagementNote/Python导入自定义包.md文件，加入目录

DocToccing single file "./packageManagementNote/Python导入自定义包.md" for github.com.

==================

"./packageManagementNote/Python导入自定义包.md" will be updated

Everything is OK.
2024-01-16 13:16:11 修改./paperReading/文献阅读笔记.md文件，加入目录

DocToccing single file "./paperReading/文献阅读笔记.md" for github.com.

==================

"./paperReading/文献阅读笔记.md" will be updated

Everything is OK.
2024-01-16 13:16:12 修改./pythonNote/argparse读取对应参数/argparse读取参数.md文件，加入目录

DocToccing single file "./pythonNote/argparse读取对应参数/argparse读取参数.md" for github.com.

==================

"./pythonNote/argparse读取对应参数/argparse读取参数.md" will be updated

Everything is OK.
2024-01-16 13:16:12 修改./pythonNote/os相关/os库用法.md文件，加入目录

DocToccing single file "./pythonNote/os相关/os库用法.md" for github.com.

==================

"./pythonNote/os相关/os库用法.md" will be updated

Everything is OK.
2024-01-16 13:16:13 修改./pythonNote/yaml读取参数/yaml读取参数介绍.md文件，加入目录

DocToccing single file "./pythonNote/yaml读取参数/yaml读取参数介绍.md" for github.com.

==================

"./pythonNote/yaml读取参数/yaml读取参数介绍.md" will be updated

Everything is OK.
2024-01-16 13:16:14 修改./testGenerateMdoutline/test.md文件，加入目录

DocToccing single file "./testGenerateMdoutline/test.md" for github.com.

==================

"./testGenerateMdoutline/test.md" will be updated

Everything is OK.
2024-01-16 13:16:14 修改./venvNote/conda虚拟环境笔记.md文件，加入目录

DocToccing single file "./venvNote/conda虚拟环境笔记.md" for github.com.

==================

"./venvNote/conda虚拟环境笔记.md" will be updated

Everything is OK.
2024-01-16 13:16:15 修改./venvNote/pip环境笔记.md文件，加入目录

DocToccing single file "./venvNote/pip环境笔记.md" for github.com.

==================

"./venvNote/pip环境笔记.md" will be updated

Everything is OK.
2024-01-16 13:16:16 修改./venvNote/挂载jupter虚拟环境.md文件，加入目录

DocToccing single file "./venvNote/挂载jupter虚拟环境.md" for github.com.

==================

"./venvNote/挂载jupter虚拟环境.md" will be updated

Everything is OK.
